
> ecommerce-figma@0.1.0 build
> react-scripts build

(node:4724) [DEP0176] DeprecationWarning: fs.F_OK is deprecated, use fs.constants.F_OK instead
(Use `node --trace-deprecation ...` to show where the warning was created)
Creating an optimized production build...
Compiled with warnings.

[eslint] 
src\context\CartContext.jsx
  Line 64:3:  React Hook useMemo has missing dependencies: 'addToCart', 'clearCart', 'removeFromCart', and 'updateQuantity'. Either include them or remove the dependency array  react-hooks/exhaustive-deps

Search for the keywords to learn more about each warning.
To ignore, add // eslint-disable-next-line to the line before.

File sizes after gzip:

  124.02 kB (+9.93 kB)  build\static\js\main.c604b793.js
  2.92 kB (+65 B)       build\static\css\main.029c241a.css

The project was built assuming it is hosted at /.
You can control this with the homepage field in your package.json.

The build folder is ready to be deployed.
You may serve it with a static server:

  npm install -g serve
  serve -s build

Find out more about deployment here:

  https://cra.link/deployment

